<?xml version="1.0" encoding="UTF-8"?>
<testng-results ignored="0" total="1" passed="1" failed="0" skipped="0">
  <reporter-output>
  </reporter-output>
  <suite started-at="2024-01-10T22:05:12 TRT" name="Default suite" finished-at="2024-01-10T22:05:44 TRT" duration-ms="31438">
    <groups>
      <group name="cucumber">
        <method signature="AbstractTestNGCucumberTests.runScenario(io.cucumber.testng.PickleWrapper,io.cucumber.testng.FeatureWrapper)[pri:0, instance:runners.RunTest@61c4eee0]" name="runScenario" class="io.cucumber.testng.AbstractTestNGCucumberTests"/>
      </group> <!-- cucumber -->
    </groups>
    <test started-at="2024-01-10T22:05:12 TRT" name="Default test" finished-at="2024-01-10T22:05:44 TRT" duration-ms="31438">
      <class name="runners.RunTest">
        <test-method is-config="true" signature="setUpClass(org.testng.ITestContext)[pri:0, instance:runners.RunTest@61c4eee0]" started-at="2024-01-10T22:05:12 TRT" name="setUpClass" finished-at="2024-01-10T22:05:12 TRT" duration-ms="237" status="PASS">
          <params>
            <param index="0">
              <value>
                <![CDATA[org.testng.TestRunner@1f179f51]]>
              </value>
            </param>
          </params>
          <reporter-output>
          </reporter-output>
        </test-method> <!-- setUpClass -->
        <test-method signature="runScenario(io.cucumber.testng.PickleWrapper,io.cucumber.testng.FeatureWrapper)[pri:0, instance:runners.RunTest@61c4eee0]" started-at="2024-01-10T22:05:12 TRT" name="runScenario" description="Runs Cucumber Scenarios" data-provider="scenarios" finished-at="2024-01-10T22:05:44 TRT" duration-ms="31124" status="PASS">
          <params>
            <param index="0">
              <value>
                <![CDATA["testinium Scenario"]]>
              </value>
            </param>
            <param index="1">
              <value>
                <![CDATA["testinium feature"]]>
              </value>
            </param>
          </params>
          <reporter-output>
          </reporter-output>
        </test-method> <!-- runScenario -->
        <test-method is-config="true" signature="tearDownClass()[pri:0, instance:runners.RunTest@61c4eee0]" started-at="2024-01-10T22:05:44 TRT" name="tearDownClass" finished-at="2024-01-10T22:05:44 TRT" duration-ms="55" status="PASS">
          <reporter-output>
          </reporter-output>
        </test-method> <!-- tearDownClass -->
      </class> <!-- runners.RunTest -->
    </test> <!-- Default test -->
  </suite> <!-- Default suite -->
</testng-results>
